<?xml version="1.0" encoding="UTF-8"?>
<!-- Generated by org.testng.reporters.JUnitReportReporter -->
<testsuite hostname="DESKTOP-KL0RE44" failures="0" tests="1" name="Mphasis_Website.Industries_Link" time="10.977" errors="0" timestamp="2022-10-13T11:50:45 IST" skipped="0">
  <testcase classname="Mphasis_Website.Industries_Link" name="Industries_Link" time="10.977"/>
  <system-out/>
</testsuite> <!-- Mphasis_Website.Industries_Link -->
