<?xml version="1.0" encoding="UTF-8"?>
<!-- Generated by org.testng.reporters.JUnitReportReporter -->
<testsuite hostname="DESKTOP-KL0RE44" failures="0" tests="3" name="Project.Annotation" time="0.028" errors="0" timestamp="2022-09-12T23:13:22 IST" skipped="1">
  <testcase classname="Project.Annotation" name="PaymentTest" time="0.020"/>
  <system-out/>
  <testcase classname="Project.Annotation" name="BasicTest" time="0.008"/>
  <system-out/>
  <testcase classname="Project.Annotation" name="regTest">
    <skipped/>
  </testcase> <!-- regTest -->
  <system-out/>
</testsuite> <!-- Project.Annotation -->
