<?xml version="1.0" encoding="UTF-8"?>
<!-- Generated by org.testng.reporters.JUnitReportReporter -->
<testsuite hostname="DESKTOP-KL0RE44" failures="0" tests="1" name="Mphasis_Website.Mphasis_Website_Project02" time="18.707" errors="0" timestamp="2022-09-20T10:37:21 IST" skipped="0">
  <testcase classname="Mphasis_Website.Mphasis_Website_Project02" name="IndustriesLink" time="18.707"/>
  <system-out/>
</testsuite> <!-- Mphasis_Website.Mphasis_Website_Project02 -->
