<?xml version="1.0" encoding="UTF-8"?>
<!-- Generated by org.testng.reporters.JUnitReportReporter -->
<testsuite hostname="DESKTOP-KL0RE44" failures="0" tests="1" name="Mphasis_Website.FirstTest" time="15.479" errors="0" timestamp="2022-09-19T23:43:25 IST" skipped="0">
  <testcase classname="Mphasis_Website.FirstTest" name="f" time="15.479"/>
  <system-out/>
</testsuite> <!-- Mphasis_Website.FirstTest -->
