<?xml version="1.0" encoding="UTF-8"?>
<!-- Generated by org.testng.reporters.JUnitReportReporter -->
<testsuite hostname="DESKTOP-KL0RE44" failures="0" tests="1" name="Practice.FirstProject" time="0.019" errors="0" timestamp="2022-09-14T13:18:31 IST" skipped="0">
  <testcase classname="Practice.FirstProject" name="LinkTest" time="0.019"/>
  <system-out/>
</testsuite> <!-- Practice.FirstProject -->
