<?xml version="1.0" encoding="UTF-8"?>
<!-- Generated by org.testng.reporters.JUnitReportReporter -->
<testsuite hostname="DESKTOP-KL0RE44" failures="0" tests="1" name="Mphasis_Website.Mphasis_Website" time="12.413" errors="0" timestamp="2022-09-15T17:35:02 IST" skipped="0">
  <testcase classname="Mphasis_Website.Mphasis_Website" name="LinkTests" time="12.413"/>
  <system-out/>
</testsuite> <!-- Mphasis_Website.Mphasis_Website -->
