<?xml version="1.0" encoding="UTF-8"?>
<!-- Generated by org.testng.reporters.JUnitReportReporter -->
<testsuite hostname="DESKTOP-KL0RE44" failures="0" tests="1" name="Mphasis_Website.About_Mphasis" time="11.164" errors="0" timestamp="2022-10-13T11:50:45 IST" skipped="0">
  <testcase classname="Mphasis_Website.About_Mphasis" name="About_Mphasis_Link" time="11.164"/>
  <system-out/>
</testsuite> <!-- Mphasis_Website.About_Mphasis -->
