<?xml version="1.0" encoding="UTF-8"?>
<!-- Generated by org.testng.reporters.JUnitReportReporter -->
<testsuite hostname="DESKTOP-KL0RE44" failures="0" tests="1" name="LoginTest" time="22.081" errors="0" timestamp="2022-11-13T00:07:22 IST" skipped="0">
  <testcase classname="LoginTest" name="testLogin" time="22.081"/>
  <system-out/>
</testsuite> <!-- LoginTest -->
